<?xml version="1.0" encoding="UTF-8"?>
<testng-results ignored="0" total="15" passed="15" failed="0" skipped="0">
  <reporter-output>
  </reporter-output>
  <suite started-at="2023-08-15T19:21:19 IST" name="OrangeHRM Application Testing" finished-at="2023-08-15T19:22:20 IST" duration-ms="61446">
    <groups>
    </groups>
    <test started-at="2023-08-15T19:21:19 IST" name="AddEmployeeTest" finished-at="2023-08-15T19:22:15 IST" duration-ms="55859">
      <class name="com.OrangeHRM.OHRMAddEmployeeFromExcelFile">
        <test-method is-config="true" signature="applicationLaunch()[pri:0, instance:com.OrangeHRM.OHRMAddEmployeeFromExcelFile@47d9a273]" started-at="2023-08-15T19:21:19 IST" name="applicationLaunch" finished-at="2023-08-15T19:21:36 IST" duration-ms="16782" status="PASS">
          <reporter-output>
          </reporter-output>
        </test-method> <!-- applicationLaunch -->
        <test-method is-config="true" signature="loginFunctionalityTest()[pri:0, instance:com.OrangeHRM.OHRMAddEmployeeFromExcelFile@47d9a273]" started-at="2023-08-15T19:21:36 IST" name="loginFunctionalityTest" finished-at="2023-08-15T19:21:43 IST" depends-on-methods="com.OrangeHRM.BaseTest.applicationLaunch" duration-ms="7252" status="PASS">
          <reporter-output>
          </reporter-output>
        </test-method> <!-- loginFunctionalityTest -->
        <test-method signature="addingEmployeeTest()[pri:1, instance:com.OrangeHRM.OHRMAddEmployeeFromExcelFile@47d9a273]" started-at="2023-08-15T19:21:43 IST" name="addingEmployeeTest" description="adding the employee Test" finished-at="2023-08-15T19:21:58 IST" duration-ms="15078" status="PASS">
          <reporter-output>
          </reporter-output>
        </test-method> <!-- addingEmployeeTest -->
        <test-method is-config="true" signature="logOut()[pri:0, instance:com.OrangeHRM.OHRMAddEmployeeFromExcelFile@47d9a273]" started-at="2023-08-15T19:21:58 IST" name="logOut" finished-at="2023-08-15T19:22:01 IST" duration-ms="3015" status="PASS">
          <reporter-output>
          </reporter-output>
        </test-method> <!-- logOut -->
        <test-method is-config="true" signature="applicationClose()[pri:0, instance:com.OrangeHRM.OHRMAddEmployeeFromExcelFile@47d9a273]" started-at="2023-08-15T19:22:01 IST" name="applicationClose" finished-at="2023-08-15T19:22:15 IST" depends-on-methods="com.OrangeHRM.OHRMLoginTest.logOut" duration-ms="13710" status="PASS">
          <reporter-output>
          </reporter-output>
        </test-method> <!-- applicationClose -->
      </class> <!-- com.OrangeHRM.OHRMAddEmployeeFromExcelFile -->
    </test> <!-- AddEmployeeTest -->
    <test started-at="2023-08-15T19:21:19 IST" name="LogInTest" finished-at="2023-08-15T19:22:15 IST" duration-ms="55906">
      <class name="com.OrangeHRM.OHRMLogin_With_MultipleTestData">
        <test-method is-config="true" signature="applicationLaunch()[pri:0, instance:com.OrangeHRM.OHRMLogin_With_MultipleTestData@611889f4]" started-at="2023-08-15T19:21:19 IST" name="applicationLaunch" finished-at="2023-08-15T19:21:36 IST" duration-ms="17250" status="PASS">
          <reporter-output>
          </reporter-output>
        </test-method> <!-- applicationLaunch -->
        <test-method signature="validateLoginPageTest()[pri:1, instance:com.OrangeHRM.OHRMLogin_With_MultipleTestData@611889f4]" started-at="2023-08-15T19:21:36 IST" name="validateLoginPageTest" description="Validate OrangeHRM Login Page" finished-at="2023-08-15T19:21:37 IST" duration-ms="779" status="PASS">
          <reporter-output>
          </reporter-output>
        </test-method> <!-- validateLoginPageTest -->
        <test-method signature="loginWithMultipleTestData()[pri:2, instance:com.OrangeHRM.OHRMLogin_With_MultipleTestData@611889f4]" started-at="2023-08-15T19:21:37 IST" name="loginWithMultipleTestData" description="Login with multiple test data in orangeHRM Application" finished-at="2023-08-15T19:22:12 IST" duration-ms="34991" status="PASS">
          <reporter-output>
          </reporter-output>
        </test-method> <!-- loginWithMultipleTestData -->
        <test-method is-config="true" signature="applicationClose()[pri:0, instance:com.OrangeHRM.OHRMLogin_With_MultipleTestData@611889f4]" started-at="2023-08-15T19:22:12 IST" name="applicationClose" finished-at="2023-08-15T19:22:15 IST" duration-ms="2861" status="PASS">
          <reporter-output>
          </reporter-output>
        </test-method> <!-- applicationClose -->
      </class> <!-- com.OrangeHRM.OHRMLogin_With_MultipleTestData -->
    </test> <!-- LogInTest -->
    <test started-at="2023-08-15T19:21:19 IST" name="ValidateMultipleFunctionalitiesAndPages" finished-at="2023-08-15T19:22:16 IST" duration-ms="57309">
      <class name="com.OrangeHRM.OHRMValidateMultipleFunctionalitiesAndPages">
        <test-method is-config="true" signature="applicationLaunch()[pri:0, instance:com.OrangeHRM.OHRMValidateMultipleFunctionalitiesAndPages@273e7444]" started-at="2023-08-15T19:21:19 IST" name="applicationLaunch" finished-at="2023-08-15T19:21:36 IST" duration-ms="16962" status="PASS">
          <reporter-output>
          </reporter-output>
        </test-method> <!-- applicationLaunch -->
        <test-method signature="loginPageTest()[pri:1, instance:com.OrangeHRM.OHRMValidateMultipleFunctionalitiesAndPages@273e7444]" started-at="2023-08-15T19:21:36 IST" name="loginPageTest" description="Validating OrangeHRM Login Page" finished-at="2023-08-15T19:21:38 IST" duration-ms="2448" status="PASS">
          <reporter-output>
          </reporter-output>
        </test-method> <!-- loginPageTest -->
        <test-method signature="invalidLoginTest()[pri:2, instance:com.OrangeHRM.OHRMValidateMultipleFunctionalitiesAndPages@273e7444]" started-at="2023-08-15T19:21:38 IST" name="invalidLoginTest" description="Login with Invalid Test Data" finished-at="2023-08-15T19:21:41 IST" duration-ms="2232" status="PASS">
          <reporter-output>
          </reporter-output>
        </test-method> <!-- invalidLoginTest -->
        <test-method signature="validateHomePageTest()[pri:3, instance:com.OrangeHRM.OHRMValidateMultipleFunctionalitiesAndPages@273e7444]" started-at="2023-08-15T19:21:41 IST" name="validateHomePageTest" description="Validate Home Page" finished-at="2023-08-15T19:21:56 IST" duration-ms="15129" status="PASS">
          <reporter-output>
          </reporter-output>
        </test-method> <!-- validateHomePageTest -->
        <test-method signature="addEmloyeeTest()[pri:4, instance:com.OrangeHRM.OHRMValidateMultipleFunctionalitiesAndPages@273e7444]" started-at="2023-08-15T19:21:56 IST" name="addEmloyeeTest" description="Add Employee Functionality Test " finished-at="2023-08-15T19:21:56 IST" duration-ms="242" status="PASS">
          <reporter-output>
          </reporter-output>
        </test-method> <!-- addEmloyeeTest -->
        <test-method signature="validatingPersonalDetailsPageTest()[pri:5, instance:com.OrangeHRM.OHRMValidateMultipleFunctionalitiesAndPages@273e7444]" started-at="2023-08-15T19:21:56 IST" name="validatingPersonalDetailsPageTest" description="Validating Personal Details Page" finished-at="2023-08-15T19:22:07 IST" duration-ms="10843" status="PASS">
          <reporter-output>
          </reporter-output>
        </test-method> <!-- validatingPersonalDetailsPageTest -->
        <test-method signature="fullNameEmployeeIdTest()[pri:6, instance:com.OrangeHRM.OHRMValidateMultipleFunctionalitiesAndPages@273e7444]" started-at="2023-08-15T19:22:07 IST" name="fullNameEmployeeIdTest" description="validating first middle last name and employee Id" finished-at="2023-08-15T19:22:07 IST" duration-ms="683" status="PASS">
          <reporter-output>
          </reporter-output>
        </test-method> <!-- fullNameEmployeeIdTest -->
        <test-method signature="homePageLogoutTest()[pri:7, instance:com.OrangeHRM.OHRMValidateMultipleFunctionalitiesAndPages@273e7444]" started-at="2023-08-15T19:22:07 IST" name="homePageLogoutTest" description="Testing the OrangeHRM logout functionality" finished-at="2023-08-15T19:22:10 IST" duration-ms="2482" status="PASS">
          <reporter-output>
          </reporter-output>
        </test-method> <!-- homePageLogoutTest -->
        <test-method is-config="true" signature="applicationClose()[pri:0, instance:com.OrangeHRM.OHRMValidateMultipleFunctionalitiesAndPages@273e7444]" started-at="2023-08-15T19:22:10 IST" name="applicationClose" finished-at="2023-08-15T19:22:16 IST" duration-ms="6149" status="PASS">
          <reporter-output>
          </reporter-output>
        </test-method> <!-- applicationClose -->
      </class> <!-- com.OrangeHRM.OHRMValidateMultipleFunctionalitiesAndPages -->
    </test> <!-- ValidateMultipleFunctionalitiesAndPages -->
    <test started-at="2023-08-15T19:21:19 IST" name="EmployeeListTest" finished-at="2023-08-15T19:22:17 IST" duration-ms="58177">
      <class name="com.OrangeHRM.OHRMEmployeeList">
        <test-method is-config="true" signature="applicationLaunch()[pri:0, instance:com.OrangeHRM.OHRMEmployeeList@3f6f6701]" started-at="2023-08-15T19:21:19 IST" name="applicationLaunch" finished-at="2023-08-15T19:21:36 IST" duration-ms="17114" status="PASS">
          <reporter-output>
          </reporter-output>
        </test-method> <!-- applicationLaunch -->
        <test-method is-config="true" signature="loginFunctionalityTest()[pri:0, instance:com.OrangeHRM.OHRMEmployeeList@3f6f6701]" started-at="2023-08-15T19:21:36 IST" name="loginFunctionalityTest" finished-at="2023-08-15T19:21:43 IST" depends-on-methods="com.OrangeHRM.BaseTest.applicationLaunch" duration-ms="7076" status="PASS">
          <reporter-output>
          </reporter-output>
        </test-method> <!-- loginFunctionalityTest -->
        <test-method signature="loginOHRMTest()[pri:1, instance:com.OrangeHRM.OHRMEmployeeList@3f6f6701]" started-at="2023-08-15T19:21:43 IST" name="loginOHRMTest" description="Login Test to OrangHRM Application" finished-at="2023-08-15T19:21:52 IST" duration-ms="8695" status="PASS">
          <reporter-output>
          </reporter-output>
        </test-method> <!-- loginOHRMTest -->
        <test-method signature="printingEmployeeListTest()[pri:2, instance:com.OrangeHRM.OHRMEmployeeList@3f6f6701]" started-at="2023-08-15T19:21:52 IST" name="printingEmployeeListTest" description="Printing the employee list to console and exporting to an excel sheet" finished-at="2023-08-15T19:22:14 IST" duration-ms="22442" status="PASS">
          <reporter-output>
          </reporter-output>
        </test-method> <!-- printingEmployeeListTest -->
        <test-method is-config="true" signature="logOut()[pri:0, instance:com.OrangeHRM.OHRMEmployeeList@3f6f6701]" started-at="2023-08-15T19:22:14 IST" name="logOut" finished-at="2023-08-15T19:22:16 IST" duration-ms="2268" status="PASS">
          <reporter-output>
          </reporter-output>
        </test-method> <!-- logOut -->
        <test-method is-config="true" signature="applicationClose()[pri:0, instance:com.OrangeHRM.OHRMEmployeeList@3f6f6701]" started-at="2023-08-15T19:22:16 IST" name="applicationClose" finished-at="2023-08-15T19:22:17 IST" depends-on-methods="com.OrangeHRM.OHRMLoginTest.logOut" duration-ms="560" status="PASS">
          <reporter-output>
          </reporter-output>
        </test-method> <!-- applicationClose -->
      </class> <!-- com.OrangeHRM.OHRMEmployeeList -->
    </test> <!-- EmployeeListTest -->
    <test started-at="2023-08-15T19:21:19 IST" name="AddMultipleEmployeeTest" finished-at="2023-08-15T19:22:20 IST" duration-ms="61446">
      <class name="com.OrangeHRM.OHRMAddMultipleEmployee">
        <test-method is-config="true" signature="applicationLaunch()[pri:0, instance:com.OrangeHRM.OHRMAddMultipleEmployee@4c1909a3]" started-at="2023-08-15T19:21:19 IST" name="applicationLaunch" finished-at="2023-08-15T19:21:36 IST" duration-ms="17069" status="PASS">
          <reporter-output>
          </reporter-output>
        </test-method> <!-- applicationLaunch -->
        <test-method signature="loginFunctionalityTest()[pri:1, instance:com.OrangeHRM.OHRMAddMultipleEmployee@4c1909a3]" started-at="2023-08-15T19:21:36 IST" name="loginFunctionalityTest" description="loginTest" finished-at="2023-08-15T19:21:44 IST" duration-ms="8492" status="PASS">
          <reporter-output>
          </reporter-output>
        </test-method> <!-- loginFunctionalityTest -->
        <test-method signature="addingEmployeeTest()[pri:2, instance:com.OrangeHRM.OHRMAddMultipleEmployee@4c1909a3]" started-at="2023-08-15T19:21:44 IST" name="addingEmployeeTest" description="adding the employee Test" finished-at="2023-08-15T19:22:17 IST" duration-ms="33081" status="PASS">
          <reporter-output>
          </reporter-output>
        </test-method> <!-- addingEmployeeTest -->
        <test-method signature="logoutTest()[pri:3, instance:com.OrangeHRM.OHRMAddMultipleEmployee@4c1909a3]" started-at="2023-08-15T19:22:17 IST" name="logoutTest" description="Testing logout functionality" finished-at="2023-08-15T19:22:20 IST" duration-ms="2229" status="PASS">
          <reporter-output>
          </reporter-output>
        </test-method> <!-- logoutTest -->
        <test-method is-config="true" signature="applicationClose()[pri:0, instance:com.OrangeHRM.OHRMAddMultipleEmployee@4c1909a3]" started-at="2023-08-15T19:22:20 IST" name="applicationClose" finished-at="2023-08-15T19:22:20 IST" duration-ms="554" status="PASS">
          <reporter-output>
          </reporter-output>
        </test-method> <!-- applicationClose -->
      </class> <!-- com.OrangeHRM.OHRMAddMultipleEmployee -->
    </test> <!-- AddMultipleEmployeeTest -->
  </suite> <!-- OrangeHRM Application Testing -->
</testng-results>
