<?xml version="1.0" encoding="UTF-8"?>
<!-- Generated by org.testng.reporters.JUnitXMLReporter -->
<testsuite ignored="0" hostname="DESKTOP-GJA01KK" failures="0" tests="3" name="AddMultipleEmployeeTest" time="61.446" errors="0" timestamp="2023-08-15T19:22:20 IST">
  <testcase classname="com.OrangeHRM.OHRMAddMultipleEmployee" name="loginFunctionalityTest" time="8.492"/>
  <testcase classname="com.OrangeHRM.OHRMAddMultipleEmployee" name="addingEmployeeTest" time="33.081"/>
  <testcase classname="com.OrangeHRM.OHRMAddMultipleEmployee" name="logoutTest" time="2.229"/>
</testsuite> <!-- AddMultipleEmployeeTest -->
