<?xml version="1.0" encoding="UTF-8"?>
<!-- Generated by org.testng.reporters.JUnitXMLReporter -->
<testsuite ignored="0" hostname="DESKTOP-GJA01KK" failures="0" tests="2" name="LogInTest" time="55.906" errors="0" timestamp="2023-08-15T19:22:15 IST">
  <testcase classname="com.OrangeHRM.OHRMLogin_With_MultipleTestData" name="validateLoginPageTest" time="0.779"/>
  <testcase classname="com.OrangeHRM.OHRMLogin_With_MultipleTestData" name="loginWithMultipleTestData" time="34.991"/>
</testsuite> <!-- LogInTest -->
