<?xml version="1.0" encoding="UTF-8"?>
<!-- Generated by org.testng.reporters.JUnitXMLReporter -->
<testsuite ignored="0" hostname="DESKTOP-GJA01KK" failures="0" tests="7" name="ValidateMultipleFunctionalitiesAndPages" time="57.309" errors="0" timestamp="2023-08-15T19:22:16 IST">
  <testcase classname="com.OrangeHRM.OHRMValidateMultipleFunctionalitiesAndPages" name="loginPageTest" time="2.448"/>
  <testcase classname="com.OrangeHRM.OHRMValidateMultipleFunctionalitiesAndPages" name="invalidLoginTest" time="2.232"/>
  <testcase classname="com.OrangeHRM.OHRMValidateMultipleFunctionalitiesAndPages" name="validateHomePageTest" time="15.129"/>
  <testcase classname="com.OrangeHRM.OHRMValidateMultipleFunctionalitiesAndPages" name="addEmloyeeTest" time="0.242"/>
  <testcase classname="com.OrangeHRM.OHRMValidateMultipleFunctionalitiesAndPages" name="validatingPersonalDetailsPageTest" time="10.843"/>
  <testcase classname="com.OrangeHRM.OHRMValidateMultipleFunctionalitiesAndPages" name="fullNameEmployeeIdTest" time="0.683"/>
  <testcase classname="com.OrangeHRM.OHRMValidateMultipleFunctionalitiesAndPages" name="homePageLogoutTest" time="2.482"/>
</testsuite> <!-- ValidateMultipleFunctionalitiesAndPages -->
