<?xml version="1.0" encoding="UTF-8"?>
<!-- Generated by org.testng.reporters.JUnitXMLReporter -->
<testsuite ignored="0" hostname="DESKTOP-GJA01KK" failures="0" tests="3" name="OrangeHRM login WebPage Test" time="21.878" errors="0" timestamp="2023-08-15T16:43:07 IST">
  <testcase classname="com.OrangeHRMApplicationPagesTestCases.OrangeHRMApplicationLogInPageTest" name="logInWebPageLogInPanelTextValidationTest" time="0.147"/>
  <testcase classname="com.OrangeHRMApplicationPagesTestCases.OrangeHRMApplicationLogInPageTest" name="logInFunctionalityTest" time="3.383"/>
  <testcase classname="com.OrangeHRMApplicationPagesTestCases.OrangeHRMApplicationLogInPageTest" name="logInWebPageLogoValidationTest" time="0.123"/>
</testsuite> <!-- OrangeHRM login WebPage Test -->
