<?xml version="1.0" encoding="UTF-8"?>
<!-- Generated by org.testng.reporters.JUnitXMLReporter -->
<testsuite ignored="0" hostname="DESKTOP-GJA01KK" failures="0" tests="7" name="Default test" time="34.793" errors="0" timestamp="2023-08-15T18:17:46 IST">
  <testcase classname="com.OrangeHRMApplicationPagesTestCases.OrangeHRMApplicationLogInPageTest" name="logInWebPageLogInPanelTextValidationTest" time="0.125"/>
  <testcase classname="com.OrangeHRMApplicationPagesTestCases.OrangeHRMApplicationLogInPageTest" name="logInFunctionalityTest" time="3.68"/>
  <testcase classname="com.OrangeHRMApplicationPagesTestCases.OrangeHRMApplicationLogInPageTest" name="logInWebPageLogoValidationTest" time="0.123"/>
  <testcase classname="com.OrangeHRMApplicationPagesTestCases.OrangeHRMApplicationLogInPageTest" name="orangeHRMLogInPageDropDownTest" time="0.158"/>
  <testcase classname="com.OrangeHRMApplicationPagesTestCases.OrangeHRMApplicationLogInPageTest" name="orangeHRMLogInPageAlternativeLoginButtonTest" time="0.082"/>
  <testcase classname="com.OrangeHRMApplicationPagesTestCases.OrangeHRMApplicationLogInPageTest" name="orangeHRMFooterLinkTest" time="0.28"/>
  <testcase classname="com.OrangeHRMApplicationPagesTestCases.OrangeHRMApplicationLogInPageTest" name="orangeHRMLoginPageFooterLinkImagesTest" time="0.263"/>
</testsuite> <!-- Default test -->
